
*** Running vivado
    with args -log top_odd_even_sort.vds -m64 -product Vivado -mode batch -messageDb vivado.pb -notrace -source top_odd_even_sort.tcl



****** Vivado v2020.1 (64-bit)
  **** SW Build 2902540 on Wed May 27 19:54:49 MDT 2020
  **** IP Build 2902112 on Wed May 27 22:43:36 MDT 2020
    ** Copyright 1986-2020 Xilinx, Inc. All Rights Reserved.

source top_odd_even_sort.tcl -notrace
create_project: Time (s): cpu = 00:00:03 ; elapsed = 00:00:05 . Memory (MB): peak = 1095.996 ; gain = 0.000
Command: synth_design -top top_odd_even_sort -part xc7z010clg400-1
Starting synth_design
Attempting to get a license for feature 'Synthesis' and/or device 'xc7z010'
INFO: [Common 17-349] Got license for feature 'Synthesis' and/or device 'xc7z010'
INFO: [Synth 8-7079] Multithreading enabled for synth_design using a maximum of 2 processes.
INFO: [Synth 8-7078] Launching helper process for spawning children vivado processes
INFO: [Synth 8-7075] Helper process launched with PID 2892
---------------------------------------------------------------------------------
Starting Synthesize : Time (s): cpu = 00:00:07 ; elapsed = 00:00:07 . Memory (MB): peak = 1095.996 ; gain = 0.000
---------------------------------------------------------------------------------
INFO: [Synth 8-638] synthesizing module 'top_odd_even_sort' [C:/Users/m_rah/Desktop/assignments/assignment_3/odd_even_sort_hw/odd_even_sort_hw.srcs/sources_1/new/top_odd_even_sort.vhd:22]
	Parameter SIZE bound to: 8 - type: integer 
	Parameter SORT_NETWORK_SIZE bound to: 5 - type: integer 
INFO: [Synth 8-638] synthesizing module 'control' [C:/Users/m_rah/Desktop/assignments/assignment_3/odd_even_sort_hw/odd_even_sort_hw.srcs/sources_1/new/control.vhd:12]
WARNING: [Synth 8-614] signal 'clear' is read in the process but is not in the sensitivity list [C:/Users/m_rah/Desktop/assignments/assignment_3/odd_even_sort_hw/odd_even_sort_hw.srcs/sources_1/new/control.vhd:30]
INFO: [Synth 8-256] done synthesizing module 'control' (1#1) [C:/Users/m_rah/Desktop/assignments/assignment_3/odd_even_sort_hw/odd_even_sort_hw.srcs/sources_1/new/control.vhd:12]
INFO: [Synth 8-638] synthesizing module 'sort_layer' [C:/Users/m_rah/Desktop/assignments/assignment_3/odd_even_sort_hw/odd_even_sort_hw.srcs/sources_1/new/sort_layer.vhd:31]
	Parameter SIZE bound to: 8 - type: integer 
INFO: [Synth 8-638] synthesizing module 'comparator' [C:/Users/m_rah/Desktop/assignments/assignment_3/odd_even_sort_hw/odd_even_sort_hw.srcs/sources_1/new/comparator.vhd:16]
	Parameter DATA_LEN bound to: 8 - type: integer 
INFO: [Synth 8-256] done synthesizing module 'comparator' (2#1) [C:/Users/m_rah/Desktop/assignments/assignment_3/odd_even_sort_hw/odd_even_sort_hw.srcs/sources_1/new/comparator.vhd:16]
INFO: [Synth 8-256] done synthesizing module 'sort_layer' (3#1) [C:/Users/m_rah/Desktop/assignments/assignment_3/odd_even_sort_hw/odd_even_sort_hw.srcs/sources_1/new/sort_layer.vhd:31]
INFO: [Synth 8-256] done synthesizing module 'top_odd_even_sort' (4#1) [C:/Users/m_rah/Desktop/assignments/assignment_3/odd_even_sort_hw/odd_even_sort_hw.srcs/sources_1/new/top_odd_even_sort.vhd:22]
---------------------------------------------------------------------------------
Finished Synthesize : Time (s): cpu = 00:00:08 ; elapsed = 00:00:09 . Memory (MB): peak = 1095.996 ; gain = 0.000
---------------------------------------------------------------------------------
---------------------------------------------------------------------------------
Finished Constraint Validation : Time (s): cpu = 00:00:09 ; elapsed = 00:00:10 . Memory (MB): peak = 1095.996 ; gain = 0.000
---------------------------------------------------------------------------------
---------------------------------------------------------------------------------
Start Loading Part and Timing Information
---------------------------------------------------------------------------------
Loading part: xc7z010clg400-1
---------------------------------------------------------------------------------
Finished Loading Part and Timing Information : Time (s): cpu = 00:00:09 ; elapsed = 00:00:10 . Memory (MB): peak = 1095.996 ; gain = 0.000
---------------------------------------------------------------------------------
INFO: [Device 21-403] Loading part xc7z010clg400-1
---------------------------------------------------------------------------------
Finished RTL Optimization Phase 2 : Time (s): cpu = 00:00:09 ; elapsed = 00:00:10 . Memory (MB): peak = 1095.996 ; gain = 0.000
---------------------------------------------------------------------------------
No constraint files found.
---------------------------------------------------------------------------------
Start RTL Component Statistics 
---------------------------------------------------------------------------------
Detailed RTL Component Info : 
+---Registers : 
	                8 Bit    Registers := 8     
	                1 Bit    Registers := 1     
+---Muxes : 
	   2 Input    8 Bit        Muxes := 78    
	   2 Input    1 Bit        Muxes := 11    
---------------------------------------------------------------------------------
Finished RTL Component Statistics 
---------------------------------------------------------------------------------
---------------------------------------------------------------------------------
Start Part Resource Summary
---------------------------------------------------------------------------------
Part Resources:
DSPs: 80 (col length:40)
BRAMs: 120 (col length: RAMB18 40 RAMB36 20)
---------------------------------------------------------------------------------
Finished Part Resource Summary
---------------------------------------------------------------------------------
No constraint files found.
---------------------------------------------------------------------------------
Start Cross Boundary and Area Optimization
---------------------------------------------------------------------------------
---------------------------------------------------------------------------------
Finished Cross Boundary and Area Optimization : Time (s): cpu = 00:00:18 ; elapsed = 00:00:26 . Memory (MB): peak = 1128.016 ; gain = 32.020
---------------------------------------------------------------------------------
No constraint files found.
---------------------------------------------------------------------------------
Start Timing Optimization
---------------------------------------------------------------------------------
---------------------------------------------------------------------------------
Finished Timing Optimization : Time (s): cpu = 00:00:19 ; elapsed = 00:00:27 . Memory (MB): peak = 1128.863 ; gain = 32.867
---------------------------------------------------------------------------------
---------------------------------------------------------------------------------
Start Technology Mapping
---------------------------------------------------------------------------------
---------------------------------------------------------------------------------
Finished Technology Mapping : Time (s): cpu = 00:00:19 ; elapsed = 00:00:27 . Memory (MB): peak = 1129.074 ; gain = 33.078
---------------------------------------------------------------------------------
---------------------------------------------------------------------------------
Start IO Insertion
---------------------------------------------------------------------------------
---------------------------------------------------------------------------------
Start Flattening Before IO Insertion
---------------------------------------------------------------------------------
---------------------------------------------------------------------------------
Finished Flattening Before IO Insertion
---------------------------------------------------------------------------------
---------------------------------------------------------------------------------
Start Final Netlist Cleanup
---------------------------------------------------------------------------------
---------------------------------------------------------------------------------
Finished Final Netlist Cleanup
---------------------------------------------------------------------------------
---------------------------------------------------------------------------------
Finished IO Insertion : Time (s): cpu = 00:00:24 ; elapsed = 00:00:32 . Memory (MB): peak = 1129.074 ; gain = 33.078
---------------------------------------------------------------------------------
---------------------------------------------------------------------------------
Start Renaming Generated Instances
---------------------------------------------------------------------------------
---------------------------------------------------------------------------------
Finished Renaming Generated Instances : Time (s): cpu = 00:00:24 ; elapsed = 00:00:32 . Memory (MB): peak = 1129.074 ; gain = 33.078
---------------------------------------------------------------------------------
---------------------------------------------------------------------------------
Start Rebuilding User Hierarchy
---------------------------------------------------------------------------------
---------------------------------------------------------------------------------
Finished Rebuilding User Hierarchy : Time (s): cpu = 00:00:24 ; elapsed = 00:00:32 . Memory (MB): peak = 1129.074 ; gain = 33.078
---------------------------------------------------------------------------------
---------------------------------------------------------------------------------
Start Renaming Generated Ports
---------------------------------------------------------------------------------
---------------------------------------------------------------------------------
Finished Renaming Generated Ports : Time (s): cpu = 00:00:24 ; elapsed = 00:00:32 . Memory (MB): peak = 1129.074 ; gain = 33.078
---------------------------------------------------------------------------------
---------------------------------------------------------------------------------
Start Handling Custom Attributes
---------------------------------------------------------------------------------
---------------------------------------------------------------------------------
Finished Handling Custom Attributes : Time (s): cpu = 00:00:24 ; elapsed = 00:00:32 . Memory (MB): peak = 1129.074 ; gain = 33.078
---------------------------------------------------------------------------------
---------------------------------------------------------------------------------
Start Renaming Generated Nets
---------------------------------------------------------------------------------
---------------------------------------------------------------------------------
Finished Renaming Generated Nets : Time (s): cpu = 00:00:24 ; elapsed = 00:00:32 . Memory (MB): peak = 1129.074 ; gain = 33.078
---------------------------------------------------------------------------------
---------------------------------------------------------------------------------
Start Writing Synthesis Report
---------------------------------------------------------------------------------

Report BlackBoxes: 
+-+--------------+----------+
| |BlackBox name |Instances |
+-+--------------+----------+
+-+--------------+----------+

Report Cell Usage: 
+------+-------+------+
|      |Cell   |Count |
+------+-------+------+
|1     |BUFG   |     1|
|2     |CARRY4 |    35|
|3     |LUT2   |     4|
|4     |LUT3   |   145|
|5     |LUT4   |   233|
|6     |LUT5   |   257|
|7     |LUT6   |   437|
|8     |FDCE   |     1|
|9     |FDRE   |    64|
|10    |IBUF   |    68|
|11    |OBUF   |    65|
+------+-------+------+

Report Instance Areas: 
+------+--------------------------------------+--------------+------+
|      |Instance                              |Module        |Cells |
+------+--------------------------------------+--------------+------+
|1     |top                                   |              |  1310|
|2     |  control                             |control       |    33|
|3     |  iterative_sort_layer                |sort_layer    |   159|
|4     |    \comparators[0].even.comp         |comparator_31 |    40|
|5     |    \comparators[1].odd.comp          |comparator_32 |     1|
|6     |    \comparators[2].even.comp         |comparator_33 |    45|
|7     |    \comparators[3].odd.comp          |comparator_34 |     1|
|8     |    \comparators[4].even.comp         |comparator_35 |    46|
|9     |    \comparators[5].odd.comp          |comparator_36 |     1|
|10    |    \comparators[6].even.comp         |comparator_37 |    25|
|11    |  \sort_network[0].first_layer.layer  |sort_layer_0  |   867|
|12    |    \comparators[0].even.comp         |comparator_24 |   525|
|13    |    \comparators[1].odd.comp          |comparator_25 |     1|
|14    |    \comparators[2].even.comp         |comparator_26 |   201|
|15    |    \comparators[3].odd.comp          |comparator_27 |     1|
|16    |    \comparators[4].even.comp         |comparator_28 |   105|
|17    |    \comparators[5].odd.comp          |comparator_29 |     1|
|18    |    \comparators[6].even.comp         |comparator_30 |    33|
|19    |  \sort_network[1].sort_layer.layer   |sort_layer_1  |     7|
|20    |    \comparators[0].even.comp         |comparator_17 |     1|
|21    |    \comparators[1].odd.comp          |comparator_18 |     1|
|22    |    \comparators[2].even.comp         |comparator_19 |     1|
|23    |    \comparators[3].odd.comp          |comparator_20 |     1|
|24    |    \comparators[4].even.comp         |comparator_21 |     1|
|25    |    \comparators[5].odd.comp          |comparator_22 |     1|
|26    |    \comparators[6].even.comp         |comparator_23 |     1|
|27    |  \sort_network[2].sort_layer.layer   |sort_layer_2  |     7|
|28    |    \comparators[0].even.comp         |comparator_10 |     1|
|29    |    \comparators[1].odd.comp          |comparator_11 |     1|
|30    |    \comparators[2].even.comp         |comparator_12 |     1|
|31    |    \comparators[3].odd.comp          |comparator_13 |     1|
|32    |    \comparators[4].even.comp         |comparator_14 |     1|
|33    |    \comparators[5].odd.comp          |comparator_15 |     1|
|34    |    \comparators[6].even.comp         |comparator_16 |     1|
|35    |  \sort_network[3].last_layer.layer   |sort_layer_3  |    39|
|36    |    \comparators[0].even.comp         |comparator    |     1|
|37    |    \comparators[1].odd.comp          |comparator_4  |     1|
|38    |    \comparators[2].even.comp         |comparator_5  |     1|
|39    |    \comparators[3].odd.comp          |comparator_6  |    25|
|40    |    \comparators[4].even.comp         |comparator_7  |     1|
|41    |    \comparators[5].odd.comp          |comparator_8  |     9|
|42    |    \comparators[6].even.comp         |comparator_9  |     1|
+------+--------------------------------------+--------------+------+
---------------------------------------------------------------------------------
Finished Writing Synthesis Report : Time (s): cpu = 00:00:24 ; elapsed = 00:00:32 . Memory (MB): peak = 1129.074 ; gain = 33.078
---------------------------------------------------------------------------------
Synthesis finished with 0 errors, 0 critical warnings and 1 warnings.
Synthesis Optimization Runtime : Time (s): cpu = 00:00:24 ; elapsed = 00:00:32 . Memory (MB): peak = 1129.074 ; gain = 33.078
Synthesis Optimization Complete : Time (s): cpu = 00:00:24 ; elapsed = 00:00:32 . Memory (MB): peak = 1129.074 ; gain = 33.078
INFO: [Project 1-571] Translating synthesized netlist
Netlist sorting complete. Time (s): cpu = 00:00:00 ; elapsed = 00:00:00.041 . Memory (MB): peak = 1141.047 ; gain = 0.000
INFO: [Netlist 29-17] Analyzing 35 Unisim elements for replacement
INFO: [Netlist 29-28] Unisim Transformation completed in 0 CPU seconds
INFO: [Project 1-570] Preparing netlist for logic optimization
INFO: [Opt 31-138] Pushed 0 inverter(s) to 0 load pin(s).
Netlist sorting complete. Time (s): cpu = 00:00:00 ; elapsed = 00:00:00 . Memory (MB): peak = 1167.883 ; gain = 0.000
INFO: [Project 1-111] Unisim Transformation Summary:
No Unisim elements were transformed.

INFO: [Common 17-83] Releasing license: Synthesis
20 Infos, 1 Warnings, 0 Critical Warnings and 0 Errors encountered.
synth_design completed successfully
synth_design: Time (s): cpu = 00:00:29 ; elapsed = 00:00:39 . Memory (MB): peak = 1167.883 ; gain = 71.887
INFO: [Common 17-1381] The checkpoint 'C:/Users/m_rah/Desktop/assignments/assignment_3/odd_even_sort_hw/odd_even_sort_hw.runs/synth_1/top_odd_even_sort.dcp' has been generated.
INFO: [runtcl-4] Executing : report_utilization -file top_odd_even_sort_utilization_synth.rpt -pb top_odd_even_sort_utilization_synth.pb
INFO: [Common 17-206] Exiting Vivado at Wed Sep 16 11:22:11 2020...
